<?xml version="1.0" encoding="UTF-8"?>
<!-- Generated by org.testng.reporters.JUnitXMLReporter -->
<testsuite ignored="6" hostname="Farberovs-Air.lan" failures="0" tests="33" name="Test" time="8.399" errors="0" timestamp="2022-10-27T02:00:14 EDT">
  <testcase classname="test.HomePageTest" name="tc1_titleValidation" time="0.022"/>
  <testcase classname="test.HomePageTest" name="tc2_urlVerification" time="0.018"/>
  <testcase classname="test.HomePageTest" name="tc3_loginButton" time="0.124"/>
  <testcase classname="test.HomePageTest" name="tc4_loginLogo" time="0.067"/>
  <testcase classname="test.HomePageTest" name="tc5_usernamePasswordTextBoxInfo" time="0.13"/>
  <testcase classname="test.HomePageTest" name="tc6_InvalidUsernameInvalidPassword" time="0.537"/>
  <testcase classname="test.HomePageTest" name="tc7_ValidUsernameValidPassword" time="0.263"/>
  <testcase classname="test.HomePageTest" name="tc8_submit" time="0.164"/>
  <testcase classname="test.InventoryPageTest" name="a_tc9openMenu" time="0.275"/>
  <testcase classname="test.InventoryPageTest" name="tc10_allItems" time="0.092"/>
  <testcase classname="test.InventoryPageTest" name="tc11_about" time="0.048"/>
  <testcase classname="test.InventoryPageTest" name="tc12_logout" time="0.034"/>
  <testcase classname="test.InventoryPageTest" name="tc13_resetApp" time="0.035"/>
  <testcase classname="test.InventoryPageTest" name="tc14_closeMenu" time="0.057"/>
  <testcase classname="test.InventoryPageTest" name="tc15_sauceLabsBackpack" time="0.071"/>
  <testcase classname="test.SauceLabsBackpackPageTest" name="tc16_verifyText" time="0.035"/>
  <testcase classname="test.SauceLabsBackpackPageTest" name="tc17_verifyDescription" time="0.04"/>
  <testcase classname="test.SauceLabsBackpackPageTest" name="tc18_itemPrice" time="0.053"/>
  <testcase classname="test.SauceLabsBackpackPageTest" name="tc19_addToCart" time="0.11"/>
  <testcase classname="test.SauceLabsBackpackPageTest" name="tc20_remove" time="0.127"/>
  <testcase classname="test.SauceLabsBackpackPageTest" name="tc21_linkedIn" time="0.158"/>
  <testcase classname="test.SauceLabsBackpackPageTest" name="tc22_facebook" time="0.202"/>
  <testcase classname="test.SauceLabsBackpackPageTest" name="tc23_twitter" time="0.232"/>
  <testcase classname="test.SauceLabsBackpackPageTest" name="tc24_clickCartLink" time="0.135"/>
  <testcase classname="test.ShoppingCartPageTest" name="tc25_title" time="0.185"/>
  <testcase classname="test.ShoppingCartPageTest" name="tc26_appLogo" time="0.068"/>
  <testcase classname="test.ShoppingCartPageTest" name="tc27_menuBtn" time="0.083"/>
  <testcase classname="test.ShoppingCartPageTest" name="tc28_checkoutButton" time="0.282"/>
  <testcase classname="test.TestCheckoutPage" name="tc29_appLogo" time="0.146"/>
  <testcase classname="test.TestCheckoutPage" name="tc30_menuBtn" time="0.061"/>
  <testcase classname="test.TestCheckoutPage" name="tc31_checkoutForm" time="0.163"/>
  <testcase classname="test.TestCheckoutPage" name="tc32_validInformation" time="0.602"/>
  <testcase classname="test.TestCheckoutPageOverview" name="tc33_finishBtn" time="0.229"/>
  <testcase classname="test.BaseTest" name="@BeforeTest beforeTest" time="0.0">
    <ignored/>
  </testcase> <!-- @BeforeTest beforeTest -->
  <testcase classname="test.BaseTest" name="@BeforeTest beforeTest" time="0.0">
    <ignored/>
  </testcase> <!-- @BeforeTest beforeTest -->
  <testcase classname="test.BaseTest" name="@BeforeTest beforeTest" time="0.0">
    <ignored/>
  </testcase> <!-- @BeforeTest beforeTest -->
  <testcase classname="test.BaseTest" name="@BeforeTest beforeTest" time="0.0">
    <ignored/>
  </testcase> <!-- @BeforeTest beforeTest -->
  <testcase classname="test.BaseTest" name="@BeforeTest beforeTest" time="0.0">
    <ignored/>
  </testcase> <!-- @BeforeTest beforeTest -->
  <testcase classname="test.BaseTest" name="@BeforeTest beforeTest" time="0.0">
    <ignored/>
  </testcase> <!-- @BeforeTest beforeTest -->
</testsuite> <!-- Test -->
