<?xml version="1.0" encoding="UTF-8"?>
<!-- Generated by org.testng.reporters.JUnitXMLReporter -->
<testsuite ignored="6" hostname="Farberovs-Air.lan" failures="0" tests="32" name="Test" time="10.891" errors="0" timestamp="2022-10-26T00:21:34 EDT">
  <testcase classname="test.HomePageTest" name="a_loginButton" time="0.151"/>
  <testcase classname="test.HomePageTest" name="a_loginLogo" time="0.133"/>
  <testcase classname="test.HomePageTest" name="a_titleValidation" time="0.021"/>
  <testcase classname="test.HomePageTest" name="a_urlVerification" time="0.015"/>
  <testcase classname="test.HomePageTest" name="enterPassword" time="0.237"/>
  <testcase classname="test.HomePageTest" name="enterUsername" time="0.196"/>
  <testcase classname="test.HomePageTest" name="submit" time="0.218"/>
  <testcase classname="test.InventoryPageTest" name="a_openMenu" time="0.327"/>
  <testcase classname="test.InventoryPageTest" name="about" time="0.08"/>
  <testcase classname="test.InventoryPageTest" name="allItems" time="0.046"/>
  <testcase classname="test.InventoryPageTest" name="closeMenu" time="0.061"/>
  <testcase classname="test.InventoryPageTest" name="logout" time="0.043"/>
  <testcase classname="test.InventoryPageTest" name="resetApp" time="0.046"/>
  <testcase classname="test.InventoryPageTest" name="z_sauceLabsBackpack" time="0.134"/>
  <testcase classname="test.SauceLabsBackpackPageTest" name="addToCart" time="0.148"/>
  <testcase classname="test.SauceLabsBackpackPageTest" name="itemPrice" time="0.057"/>
  <testcase classname="test.SauceLabsBackpackPageTest" name="remove" time="0.144"/>
  <testcase classname="test.SauceLabsBackpackPageTest" name="verifyDescription" time="0.042"/>
  <testcase classname="test.SauceLabsBackpackPageTest" name="verifyText" time="0.038"/>
  <testcase classname="test.SauceLabsBackpackPageTest" name="z_clickCartLink" time="0.098"/>
  <testcase classname="test.SauceLabsBackpackPageTest" name="z_facebook" time="0.134"/>
  <testcase classname="test.SauceLabsBackpackPageTest" name="z_linkedIn" time="0.395"/>
  <testcase classname="test.SauceLabsBackpackPageTest" name="z_twitter" time="0.382"/>
  <testcase classname="test.ShoppingCartPageTest" name="appLogo" time="0.079"/>
  <testcase classname="test.ShoppingCartPageTest" name="checkoutButton" time="0.712"/>
  <testcase classname="test.ShoppingCartPageTest" name="menuBtn" time="0.073"/>
  <testcase classname="test.ShoppingCartPageTest" name="title" time="0.112"/>
  <testcase classname="test.CheckoutPageTest" name="appLogo" time="0.165"/>
  <testcase classname="test.CheckoutPageTest" name="checkoutForm" time="0.136"/>
  <testcase classname="test.CheckoutPageTest" name="menuBtn" time="0.09"/>
  <testcase classname="test.CheckoutPageTest" name="validInformation" time="0.799"/>
  <testcase classname="test.CheckoutOverviewPageTest" name="finishBtn" time="0.21"/>
  <testcase classname="test.BaseTest" name="@BeforeTest beforeTest" time="0.0">
    <ignored/>
  </testcase> <!-- @BeforeTest beforeTest -->
  <testcase classname="test.BaseTest" name="@BeforeTest beforeTest" time="0.0">
    <ignored/>
  </testcase> <!-- @BeforeTest beforeTest -->
  <testcase classname="test.BaseTest" name="@BeforeTest beforeTest" time="0.0">
    <ignored/>
  </testcase> <!-- @BeforeTest beforeTest -->
  <testcase classname="test.BaseTest" name="@BeforeTest beforeTest" time="0.0">
    <ignored/>
  </testcase> <!-- @BeforeTest beforeTest -->
  <testcase classname="test.BaseTest" name="@BeforeTest beforeTest" time="0.0">
    <ignored/>
  </testcase> <!-- @BeforeTest beforeTest -->
  <testcase classname="test.BaseTest" name="@BeforeTest beforeTest" time="0.0">
    <ignored/>
  </testcase> <!-- @BeforeTest beforeTest -->
</testsuite> <!-- Test -->
